[0mGET / [32m200[0m 155.908 ms - 9704[0m
[0mGET /users/sign-in [36m304[0m 29.107 ms - -[0m
[0mGET /users/sign-up [36m304[0m 24.148 ms - -[0m
[0mPOST /users/create [36m302[0m 63.681 ms - 72[0m
[0mGET /users/sign-in [36m304[0m 11.882 ms - -[0m
[0mPOST /users/create-session [36m302[0m 16.016 ms - 46[0m
[0mGET / [32m200[0m 77.291 ms - 15428[0m
[0mPOST /posts/create [36m302[0m 19.988 ms - 88[0m
[0mGET / [32m200[0m 70.081 ms - 17969[0m
[0mGET /likes/toggle/?id=60c99bbc2a03d13bdcfe10d6&type=Post [36m302[0m 39.946 ms - 88[0m
[0mGET / [32m200[0m 79.311 ms - 17685[0m
[0mGET /users/sign-out [36m302[0m 14.138 ms - 46[0m
[0mGET / [32m200[0m 58.361 ms - 11716[0m
[0mGET / [32m200[0m 68.453 ms - 11427[0m
[0mGET /users/sign-in [36m304[0m 12.067 ms - -[0m
[0mGET /users/auth/google [36m302[0m 10.926 ms - 0[0m
[0mGET /users/auth/google/callback?code=4%2F0AY0e-g6qUsyAUinnX2eC1GsBbQURGZSwt3476zX7Sog32W01Sg98HisJFazzGRUCFDqR-g&scope=email+profile+https%3A%2F%2Fwww.googleapis.com%2Fauth%2Fuserinfo.profile+https%3A%2F%2Fwww.googleapis.com%2Fauth%2Fuserinfo.email+openid&authuser=2&prompt=consent [36m302[0m 1048.432 ms - 46[0m
[0mGET / [32m200[0m 34.206 ms - 18550[0m
[0mGET / [32m200[0m 26.819 ms - 18344[0m
[0mGET /favicon.ico [33m404[0m 7.440 ms - 150[0m
[0mGET / [32m200[0m 58.454 ms - 18944[0m
[0mGET / [32m200[0m 27.959 ms - 19209[0m
[0mGET / [32m200[0m 25.774 ms - 18099[0m
[0mGET /users/sign-out [36m302[0m 10.937 ms - 46[0m
[0mGET / [32m200[0m 18.662 ms - 11716[0m
[0mGET / [32m200[0m 78.563 ms - 11427[0m
[0mGET /users/sign-in [32m200[0m 15.792 ms - 3749[0m
[0mGET /users/auth/google [36m302[0m 6.587 ms - 0[0m
[0mGET /users/auth/google/callback?code=4%2F0AX4XfWit7x-c353vDCfm-LjCwGsvys94zVz_AGl3p74Wd4mqGL1p4wwzvsr_sun5WR3cZw&scope=email+profile+https%3A%2F%2Fwww.googleapis.com%2Fauth%2Fuserinfo.profile+https%3A%2F%2Fwww.googleapis.com%2Fauth%2Fuserinfo.email+openid&authuser=2&prompt=consent [36m302[0m 2258.778 ms - 46[0m
[0mGET / [32m200[0m 40.080 ms - 18390[0m
[0mPOST /users/create-session [36m302[0m 1.309 ms - 36[0m
[0mGET /users/sign-in [32m200[0m 6.063 ms - 3749[0m
[0mPOST /user/create-session [33m404[0m 3.977 ms - 159[0m
[0mGET /users/sign-out [36m302[0m 5.826 ms - 46[0m
[0mGET / [32m200[0m 21.083 ms - 11716[0m
[0mGET /users/sign-in [36m304[0m 8.347 ms - -[0m
[0mGET /users/sign-up [32m200[0m 8.354 ms - 3832[0m
[0mPOST /users/create [36m302[0m 2.961 ms - 114[0m
[0mGET /users/sign-up [32m200[0m 5.451 ms - 4121[0m
[0mPOST /users/create [36m302[0m 7.107 ms - 114[0m
[0mGET /users/sign-up [32m200[0m 5.159 ms - 4139[0m
[0mGET /users/sign-in [36m304[0m 4.944 ms - -[0m
[0mPOST /users/create-session [36m302[0m 5.258 ms - 72[0m
[0mGET /users/sign-in [32m200[0m 4.935 ms - 4041[0m
[0mGET /users/sign-up [32m200[0m 6.933 ms - 3832[0m
[0mPOST /users/create [36m302[0m 5.443 ms - 114[0m
[0mGET /users/sign-up [32m200[0m 6.226 ms - 4139[0m
[0mGET / [32m200[0m 33.458 ms - 11427[0m
[0mGET /users/sign-up [32m200[0m 6.123 ms - 3832[0m
[0mPOST /users/create [36m302[0m 5.683 ms - 114[0m
[0mGET /users/sign-up [32m200[0m 5.188 ms - 4139[0m
[0mPOST /users/create [36m302[0m 5.572 ms - 114[0m
[0mGET /users/sign-up [36m304[0m 4.233 ms - -[0m
[0mGET /users/sign-in [32m200[0m 7.620 ms - 3749[0m
[0mPOST /users/create-session [36m302[0m 6.588 ms - 72[0m
[0mGET /users/sign-in [32m200[0m 4.779 ms - 4041[0m
[0mGET / [36m304[0m 20.133 ms - -[0m
[0mGET / [36m304[0m 18.878 ms - -[0m
[0mGET /favicon.ico [33m404[0m 3.521 ms - 150[0m
[0mGET / [36m304[0m 60.086 ms - -[0m
[0mGET /users/sign-up [32m200[0m 10.678 ms - 3832[0m
[0mPOST /users/create [36m302[0m 16.800 ms - 114[0m
[0mGET /users/sign-up [32m200[0m 6.235 ms - 4139[0m
[0mGET /users/sign-in [32m200[0m 9.110 ms - 3749[0m
[0mPOST /users/create-session [36m302[0m 7.672 ms - 72[0m
[0mGET /users/sign-in [32m200[0m 5.694 ms - 4041[0m
[0mGET / [36m304[0m 24.946 ms - -[0m
[0mGET / [36m304[0m 53.728 ms - -[0m
[0mGET /users/sign-up [32m200[0m 8.861 ms - 3832[0m
[0mPOST /users/create [36m302[0m 11.745 ms - 72[0m
[0mGET /users/sign-in [32m200[0m 7.341 ms - 4056[0m
[0mPOST /users/create-session [36m302[0m 7.711 ms - 72[0m
[0mGET /users/sign-in [32m200[0m 5.018 ms - 4041[0m
[0mGET /users/sign-up [36m304[0m 17.074 ms - -[0m
[0mPOST /users/create [36m302[0m 29.143 ms - 72[0m
[0mGET /users/sign-in [32m200[0m 9.822 ms - 3749[0m
[0mPOST /users/create-session [36m302[0m 11.798 ms - 46[0m
[0mGET / [32m200[0m 50.809 ms - 18259[0m
[0mPOST /users/create-session?email=vidut67@gmail.com&password=123 [36m302[0m 6.739 ms - 23[0m
[0mGET / [32m200[0m 31.261 ms - 18259[0m
[0mGET /users/create-session [33m404[0m 6.538 ms - 159[0m
[0mPOST /users/create-session [36m302[0m 7.151 ms - 36[0m
[0mGET /users/sign-in [36m302[0m 3.561 ms - 36[0m
[0mGET /users/profile [33m404[0m 4.392 ms - 152[0m
[0mPOST /users/create-session [36m302[0m 3.422 ms - 36[0m
[0mGET /users/sign-in [36m302[0m 3.964 ms - 36[0m
[0mGET /users/profile [33m404[0m 3.107 ms - 152[0m
[0mPOST /users/create-session [36m302[0m 8.800 ms - 36[0m
[0mGET /users/sign-in [36m302[0m 4.336 ms - 36[0m
[0mGET /users/profile [33m404[0m 3.535 ms - 152[0m
[0mPOST /users/create-session [36m302[0m 13.739 ms - 36[0m
[0mGET /users/sign-in [36m302[0m 3.341 ms - 36[0m
[0mGET /users/profile [33m404[0m 3.867 ms - 152[0m
[0mPOST /users/create-session [36m302[0m 5.224 ms - 23[0m
[0mGET / [32m200[0m 21.976 ms - 18259[0m
[0mPOST /users/create-session [36m302[0m 32.298 ms - 23[0m
[0mGET / [32m200[0m 49.164 ms - 18259[0m
[0mPOST /api/v1/users/create-session [32m200[0m 10.596 ms - 482[0m
[0mDELETE /posts/60c99bbc2a03d13bdcfe10d6 [33m404[0m 23.556 ms - 172[0m
[0mDELETE /api/v1/posts/60c99bbc2a03d13bdcfe10d6 [33m404[0m 14.823 ms - 179[0m
[0mGET /api/v1/posts [32m200[0m 65.004 ms - 2113[0m
[0mPOST /api/v1/posts/60c8adeb47457f11702ca373 [33m404[0m 11.118 ms - 177[0m
[0mGET /api/v1/posts/60c8adeb47457f11702ca373 [33m401[0m 41.056 ms - 41[0m
[0mDELETE /api/v1/posts/60c8adeb47457f11702ca373 [33m404[0m 8.113 ms - 179[0m
[0mDELETE /api/v1/posts/60c8adeb47457f11702ca373 [33m401[0m 432.202 ms - 41[0m
[0mDELETE /api/v1/posts/60c8adeb47457f11702ca373 [33m401[0m 26.330 ms - 41[0m
[0mDELETE /api/v1/posts/60c99bbc2a03d13bdcfe10d6 [33m401[0m 21.278 ms - 41[0m
[0mDELETE /api/v1/posts/60c99bbc2a03d13bdcfe10d6 [33m401[0m 24.626 ms - 41[0m
[0mDELETE /api/v1/posts/60c99bbc2a03d13bdcfe10d6 [33m401[0m 19.406 ms - 41[0m
[0mDELETE /api/v1/posts [33m404[0m 15.240 ms - 154[0m
[0mGET /api/v1/posts [32m200[0m 65.151 ms - 2113[0m
[0mGET / [32m200[0m 75.965 ms - 11863[0m
[0mGET /favicon.ico [33m404[0m 7.025 ms - 150[0m
[0mGET /users/sign-in [36m304[0m 7.654 ms - -[0m
[0mGET /users/auth/google [36m302[0m 6.940 ms - 0[0m
[0mGET /users/auth/google/callback?code=4%2F0AX4XfWhZxbLzbL6Wit8SXBDGb9pZS0G832tGlZfZ2sDP1UA9hfayyz-HPz7hdhbRM0IXTg&scope=email+profile+https%3A%2F%2Fwww.googleapis.com%2Fauth%2Fuserinfo.profile+https%3A%2F%2Fwww.googleapis.com%2Fauth%2Fuserinfo.email+openid&authuser=2&prompt=consent [36m302[0m 898.194 ms - 46[0m
[0mGET / [32m200[0m 26.332 ms - 18826[0m
[0mGET /users/sign-out [36m302[0m 6.424 ms - 46[0m
[0mGET / [32m200[0m 22.614 ms - 12152[0m
[0mGET /users/sign-in [36m304[0m 6.169 ms - -[0m
[0mPOST /users/create-session [36m302[0m 5.498 ms - 46[0m
[0mGET / [32m200[0m 21.972 ms - 18826[0m
[0mGET /api/v1/users/create-session [33m404[0m 1.175 ms - 166[0m
[0mPOST /api/v1/users/create-session [33m422[0m 5.099 ms - 42[0m
[0mGET /likes/toggle/?id=60c99bbc2a03d13bdcfe10d6&type=Post [36m302[0m 25.372 ms - 88[0m
[0mGET / [32m200[0m 21.205 ms - 18535[0m
[0mPOST /api/v1/users/create-session [33m422[0m 3.199 ms - 42[0m
[0mPOST /api/v1/users/create-session [33m422[0m 3.454 ms - 42[0m
[0mGET /users/sign-out [36m302[0m 5.776 ms - 46[0m
[0mGET / [32m200[0m 18.447 ms - 12152[0m
[0mGET /users/sign-in [36m304[0m 4.548 ms - -[0m
[0mPOST /users/create-session [36m302[0m 6.658 ms - 46[0m
[0mGET / [32m200[0m 20.805 ms - 18826[0m
[0mPOST /api/v1/users/create-session [33m422[0m 4.122 ms - 42[0m
[0mPOST /api/v1/users/create-session [33m422[0m 4.570 ms - 42[0m
[0mPOST /api/v1/users/create-session [32m200[0m 8.383 ms - 583[0m
[0mDELETE /api/v1/posts/60c99bbc2a03d13bdcfe10d6 [31m500[0m 12.952 ms - 35[0m
[0mGET / [32m200[0m 21.815 ms - 18535[0m
[0mDELETE /api/v1/posts/60c99bbc2a03d13bdcfe10d6 [31m500[0m 9.580 ms - 35[0m
[0mDELETE /api/v1/posts/60c99bbc2a03d13bdcfe10d6 [31m500[0m 29.525 ms - 35[0m
[0mDELETE /api/v1/posts/60c99bbc2a03d13bdcfe10d6 [31m500[0m 34.764 ms - 35[0m
[0mDELETE /api/v1/posts/60c8e41f12e1fd56ace94962 [31m500[0m 8.232 ms - 35[0m
[0mDELETE /api/v1/posts/60c8e41f12e1fd56ace94962 [31m500[0m 7.110 ms - 35[0m
[0mDELETE /api/v1/posts/60c8e41f12e1fd56ace94962 [31m500[0m 9.025 ms - 35[0m
[0mGET /posts/destroy/60c8e41f12e1fd56ace94962 [33m401[0m 5.483 ms - -[0m
[0mGET /users/sign-out [36m302[0m 11.866 ms - 46[0m
[0mGET / [32m200[0m 36.618 ms - 12152[0m
[0mGET /users/sign-in [36m304[0m 7.788 ms - -[0m
[0mPOST /users/create-session [36m302[0m 6.655 ms - 46[0m
[0mGET / [32m200[0m 30.397 ms - 18826[0m
[0mGET /posts/destroy/60c8e41f12e1fd56ace94962 [33m401[0m 5.887 ms - -[0m
[0mGET /posts/destroy/60c8ae1047457f11702ca376 [33m401[0m 5.764 ms - -[0m
[0mGET / [32m200[0m 25.217 ms - 18535[0m
[0mGET /posts/destroy/60c8ae1047457f11702ca376 [33m401[0m 5.630 ms - -[0m
[0mGET /posts/destroy/60c8ae1047457f11702ca376 [33m401[0m 12.084 ms - -[0m
[0mDELETE /api/v1/posts/60c8e41f12e1fd56ace94962 [31m500[0m 18.952 ms - 35[0m
[0mDELETE /api/v1/posts/60c8e41f12e1fd56ace94962 [31m500[0m 17.626 ms - 35[0m
[0mGET / [36m304[0m 158.884 ms - -[0m
[0mGET /users/sign-out [36m302[0m 37.999 ms - 46[0m
[0mGET / [32m200[0m 53.201 ms - 12152[0m
[0mGET /users/sign-in [32m200[0m 12.206 ms - 4072[0m
[0mGET /users/sign-in [32m200[0m 18.119 ms - 4073[0m
[0mGET /users/auth/facebook [33m404[0m 13.324 ms - 158[0m
[0mGET /users/sign-in [36m304[0m 45.566 ms - -[0m
[0mGET /users/auth/facebook [31m500[0m 17.425 ms - 2332[0m
[0mGET /users/auth/facebook [31m500[0m 16.918 ms - 2332[0m
[0mGET /users/sign-in [36m304[0m 52.305 ms - -[0m
[0mGET /users/auth/facebook [36m302[0m 16.137 ms - 0[0m
[0mGET /users/sign-in [32m200[0m 51.129 ms - 3752[0m
[0mGET /users/auth/google [36m302[0m 15.776 ms - 0[0m
[0mGET /users/sign-in [32m200[0m 40.742 ms - 3752[0m
[0mGET /users/auth/google [36m302[0m 12.626 ms - 0[0m
[0mGET /users/auth/google/callback?code=4%2F0AX4XfWifbInODrYqfj0DVdTWxorN71AF3ZAxFxOoSlNWuZUjZp6b_H5AOAKOgDRkwEAWFQ&scope=email+profile+https%3A%2F%2Fwww.googleapis.com%2Fauth%2Fuserinfo.profile+https%3A%2F%2Fwww.googleapis.com%2Fauth%2Fuserinfo.email+openid&authuser=0&prompt=consent [36m302[0m 1571.308 ms - 46[0m
[0mGET / [32m200[0m 114.775 ms - 18555[0m
[0mGET / [32m200[0m 214.337 ms - 11863[0m
[0mGET /favicon.ico [33m404[0m 17.992 ms - 150[0m
[0mGET /users/sign-in [32m200[0m 22.086 ms - 3752[0m
[0mGET /users/auth/google [36m302[0m 17.400 ms - 0[0m
[0mGET /users/auth/google/callback?code=4%2F0AX4XfWg_xCYAFPMEo63pSPsyhE2ghqKvvXMSQAHIOakCyclrjhSgXJhUmcR5ZTcF76DfRg&scope=email+profile+https%3A%2F%2Fwww.googleapis.com%2Fauth%2Fuserinfo.profile+https%3A%2F%2Fwww.googleapis.com%2Fauth%2Fuserinfo.email+openid&authuser=2&prompt=consent [36m302[0m 3002.057 ms - 46[0m
[0mGET / [32m200[0m 83.468 ms - 18826[0m
[0mGET /posts/destroy/60c8e41f12e1fd56ace94962 [33m401[0m 62.408 ms - -[0m
[0mGET /users/sign-out [36m302[0m 31.230 ms - 46[0m
[0mGET / [32m200[0m 99.573 ms - 12152[0m
[0mGET /users/sign-in [36m304[0m 20.448 ms - -[0m
[0mGET /users/sign-in [32m200[0m 43.247 ms - 3741[0m
[0mGET /users/sign-in [32m200[0m 46.243 ms - 3752[0m
[0mGET /users/auth/github [36m302[0m 21.852 ms - 0[0m
[0mGET /users/auth/github/callback?code=6264e6ae0886164395bf [0m-[0m - ms - -[0m
[0mGET / [32m200[0m 76.778 ms - 11863[0m
[0mGET /users/sign-in [36m304[0m 10.858 ms - -[0m
[0mGET /users/auth/google [36m302[0m 6.589 ms - 0[0m
[0mGET /users/auth/google/callback?code=4%2F0AX4XfWhkCBsp-zDYpIyRh6wr2zHmTJabW-0ifAe6kOu_8S3j692jlEemWlLXbHw04ZGbYw&scope=email+profile+https%3A%2F%2Fwww.googleapis.com%2Fauth%2Fuserinfo.profile+https%3A%2F%2Fwww.googleapis.com%2Fauth%2Fuserinfo.email+openid&authuser=2&prompt=consent [36m302[0m 12257.074 ms - 46[0m
[0mGET / [32m200[0m 29.037 ms - 18826[0m
[0mGET / [32m200[0m 55.490 ms - 18535[0m
[0mGET / [32m200[0m 164.239 ms - 11863[0m
[0mGET /users/sign-in [36m304[0m 29.057 ms - -[0m
[0mGET /users/sign-in [36m304[0m 19.992 ms - -[0m
[0mGET /users/sign-in [36m304[0m 18.542 ms - -[0m
[0mGET /users/sign-in [36m304[0m 13.335 ms - -[0m
[0mGET /users/sign-in [36m304[0m 16.543 ms - -[0m
[0mGET /users/sign-in [36m304[0m 19.849 ms - -[0m
[0mGET /users/sign-up [32m200[0m 14.296 ms - 3944[0m
[0mGET /users/sign-up [32m200[0m 14.792 ms - 3961[0m
[0mGET /users/sign-up [36m304[0m 13.428 ms - -[0m
[0mGET /users/sign-up [36m304[0m 12.319 ms - -[0m
[0mGET /users/sign-up [36m304[0m 13.227 ms - -[0m
[0mGET /users/sign-up [32m200[0m 16.548 ms - 4000[0m
[0mGET /users/sign-up [36m304[0m 16.810 ms - -[0m
[0mGET /users/sign-up [32m200[0m 13.849 ms - 4152[0m
[0mGET /users/sign-up [36m304[0m 17.056 ms - -[0m
[0mGET /users/sign-up [32m200[0m 15.469 ms - 4232[0m
[0mGET /users/sign-up [32m200[0m 14.471 ms - 4244[0m
[0mGET / [32m200[0m 118.474 ms - 11842[0m
[0mGET /favicon.ico [33m404[0m 17.373 ms - 150[0m
[0mGET /users/sign-in [32m200[0m 14.628 ms - 3731[0m
[0mGET /users/auth/google [36m302[0m 12.033 ms - 0[0m
[0mGET /users/auth/google/callback?code=4%2F0AX4XfWhHC-q7L5ZQK0hWR1a008FUE9H18Z-4hyGV6gUEKzSD5moPe1GaIyX9Ems000cbYA&scope=email+profile+https%3A%2F%2Fwww.googleapis.com%2Fauth%2Fuserinfo.profile+https%3A%2F%2Fwww.googleapis.com%2Fauth%2Fuserinfo.email+openid&authuser=2&prompt=consent [36m302[0m 1188.831 ms - 46[0m
[0mGET / [32m200[0m 64.087 ms - 18805[0m
[0mPOST /posts/create [36m302[0m 42.197 ms - 88[0m
[0mGET / [32m200[0m 62.647 ms - 21375[0m
[0mPOST /comments/create [36m302[0m 41.683 ms - 46[0m
[0mGET / [32m200[0m 93.036 ms - 22646[0m
[0mPOST /comments/create [36m302[0m 102.430 ms - 46[0m
[0mGET / [32m200[0m 121.529 ms - 23912[0m
[0mPOST /comments/create [36m302[0m 156.752 ms - 46[0m
[0mGET / [32m200[0m 100.913 ms - 25179[0m
[0mPOST /comments/create [36m302[0m 168.015 ms - 46[0m
[0mGET / [32m200[0m 96.910 ms - 26447[0m
[0mPOST /comments/create [36m302[0m 154.151 ms - 46[0m
[0mGET / [32m200[0m 97.311 ms - 27720[0m
[0mPOST /comments/create [36m302[0m 219.721 ms - 46[0m
[0mGET / [32m200[0m 115.557 ms - 28988[0m
[0mGET / [32m200[0m 202.831 ms - 28701[0m
[0mPOST /comments/create [36m302[0m 106.170 ms - 46[0m
[0mGET / [32m200[0m 92.984 ms - 30256[0m
[0mGET /posts/destroy/60c8ae1047457f11702ca376 [33m401[0m 35.919 ms - -[0m
[0mGET /comments/destroy/60dec06d713dbd45244a07df [36m302[0m 33.351 ms - 46[0m
[0mGET / [32m200[0m 106.567 ms - 28987[0m
[0mGET /posts/destroy/60debeb4d73a305c549dd568 [33m401[0m 10.703 ms - -[0m
[0mGET /comments/destroy/60debec4d73a305c549dd569 [36m302[0m 12.740 ms - 46[0m
[0mGET / [32m200[0m 63.670 ms - 27719[0m
[0mGET /comments/destroy/60debfdaa2efbb25d06e9844 [36m302[0m 11.144 ms - 46[0m
[0mGET / [32m200[0m 61.102 ms - 26453[0m
[0mGET /comments/destroy/60dec0f23d6e565bc4aaef0c [36m302[0m 11.348 ms - 46[0m
[0mGET / [32m200[0m 49.689 ms - 25185[0m
[0mGET /comments/destroy/60dec1283c4f715d709acf66 [36m302[0m 12.431 ms - 46[0m
[0mGET / [32m200[0m 53.741 ms - 23912[0m
[0mGET /comments/destroy/60dec174e2563744e8791ae0 [36m302[0m 11.335 ms - 46[0m
[0mGET / [32m200[0m 50.663 ms - 22644[0m
[0mGET /comments/destroy/60dec1c180a3b2131059b70e [36m302[0m 11.744 ms - 46[0m
[0mGET / [32m200[0m 41.224 ms - 21376[0m
[0mGET /posts/destroy/60c8e41f12e1fd56ace94962 [33m401[0m 7.572 ms - -[0m
[0mGET /posts/destroy/60c8e41f12e1fd56ace94962 [33m401[0m 9.371 ms - -[0m
[0mGET /posts/destroy/60debeb4d73a305c549dd568 [33m401[0m 6.584 ms - -[0m
[0mGET /users/sign-out [36m302[0m 8.511 ms - 46[0m
[0mGET / [32m200[0m 36.968 ms - 13427[0m
[0mGET /users/sign-in [36m304[0m 9.081 ms - -[0m
[0mGET /users/auth/google [36m302[0m 8.103 ms - 0[0m
[0mGET /users/auth/google/callback?code=4%2F0AX4XfWhYfsK5ydKQPcytOryX873HRQrj-Rt-8nB4uj3GdZsktiBodm86kgFO50EqtU1J8g&scope=email+profile+https%3A%2F%2Fwww.googleapis.com%2Fauth%2Fuserinfo.profile+https%3A%2F%2Fwww.googleapis.com%2Fauth%2Fuserinfo.email+openid&authuser=0&prompt=consent [36m302[0m 3261.717 ms - 46[0m
[0mGET / [32m200[0m 54.794 ms - 20838[0m
[0mPOST /posts/create [36m302[0m 27.959 ms - 88[0m
[0mGET / [32m200[0m 53.438 ms - 23410[0m
[0mGET /likes/toggle/?id=60dec2cf8b90c7369c482ac4&type=Post [36m302[0m 22.059 ms - 88[0m
[0mGET / [32m200[0m 41.452 ms - 23126[0m
[0mGET /likes/toggle/?id=60dec2cf8b90c7369c482ac4&type=Post [36m302[0m 22.889 ms - 88[0m
[0mGET / [32m200[0m 45.911 ms - 23126[0m
[0mPOST /comments/create [36m302[0m 43.504 ms - 46[0m
[0mGET / [32m200[0m 56.285 ms - 24678[0m
[0mGET /comments/destroy/60dec2d88b90c7369c482ac8 [36m302[0m 24.998 ms - 46[0m
[0mGET / [32m200[0m 75.989 ms - 23411[0m
[0mGET /posts/destroy/60c8b015c3c65336f49963c9 [33m401[0m 7.660 ms - -[0m
[0mGET /posts/destroy/60dec2cf8b90c7369c482ac4 [33m401[0m 8.269 ms - -[0m
[0mPOST /comments/create [36m302[0m 26.588 ms - 46[0m
[0mGET / [32m200[0m 68.482 ms - 24678[0m
[0mGET /comments/destroy/60dec2fc8b90c7369c482aca [36m302[0m 10.411 ms - 46[0m
[0mGET / [32m200[0m 41.646 ms - 23411[0m
[0mGET /posts/destroy/60dec2cf8b90c7369c482ac4 [33m401[0m 8.491 ms - -[0m
[0mGET /posts/destroy/60dec2cf8b90c7369c482ac4 [33m401[0m 6.943 ms - -[0m
[0mPOST /comments/create [36m302[0m 68.309 ms - 46[0m
[0mGET / [32m200[0m 53.692 ms - 24679[0m
[0mGET /comments/destroy/60dec9b7e9b02a1774d1b4f0 [0m-[0m - ms - -[0m
[0mGET /comments/destroy/60dec9b7e9b02a1774d1b4f0 [0m-[0m - ms - -[0m
[0mGET / [32m200[0m 47.906 ms - 23126[0m
[0mGET /posts/destroy/60dec2cf8b90c7369c482ac4 [33m401[0m 6.307 ms - -[0m
[0mPOST /comments/create [36m302[0m 41.353 ms - 46[0m
[0mGET / [32m200[0m 47.643 ms - 24683[0m
[0mGET /comments/destroy/60dec9f429bb5b5c440f0e5a [0m-[0m - ms - -[0m
[0mGET / [32m200[0m 46.759 ms - 23126[0m
[0mPOST /comments/create [36m302[0m 39.660 ms - 46[0m
[0mGET / [32m200[0m 45.619 ms - 24679[0m
[0mGET /comments/destroy/60deca1ca05ef702109fb94e [36m302[0m 10.476 ms - 46[0m
[0mGET / [32m200[0m 31.405 ms - 23411[0m
[0mGET /posts/destroy/60dec2cf8b90c7369c482ac4 [33m401[0m 5.685 ms - -[0m
[0mGET / [32m200[0m 30.762 ms - 23134[0m
[0mPOST /comments/create [36m302[0m 22.111 ms - 46[0m
[0mGET / [32m200[0m 39.854 ms - 24687[0m
[0mGET /comments/destroy/60deca84a05ef702109fb94f [36m302[0m 9.905 ms - 46[0m
[0mGET / [32m200[0m 26.049 ms - 23419[0m
[0mGET /posts/destroy/60dec2cf8b90c7369c482ac4 [33m401[0m 9.008 ms - -[0m
[0mGET /likes/toggle/?id=60dec2cf8b90c7369c482ac4&type=Post [36m302[0m 11.762 ms - 88[0m
[0mGET / [32m200[0m 23.112 ms - 23134[0m
[0mGET /likes/toggle/?id=60dec2cf8b90c7369c482ac4&type=Post [36m302[0m 12.893 ms - 88[0m
[0mGET / [32m200[0m 25.636 ms - 23134[0m
[0mGET /users/profiel/60b109e3ee601e5a2c5b5552 [32m200[0m 12.693 ms - 3557[0m
[0mGET /users/profiel/60b109e3ee601e5a2c5b5552 [32m200[0m 9.282 ms - 3675[0m
[0mPOST /users/update/60b109e3ee601e5a2c5b5552 [36m302[0m 21.788 ms - 164[0m
[0mGET /users/profiel/60b109e3ee601e5a2c5b5552 [32m200[0m 9.728 ms - 3399[0m
[0mGET /users/profiel/60b109e3ee601e5a2c5b5552 [32m200[0m 28.636 ms - 3675[0m
[0mPOST /users/update/60b109e3ee601e5a2c5b5552 [36m302[0m 26.996 ms - 164[0m
[0mGET /users/profiel/60b109e3ee601e5a2c5b5552 [32m200[0m 8.798 ms - 3416[0m
[0mGET / [32m200[0m 38.963 ms - 23308[0m
[0mGET /users/sign-out [36m302[0m 7.219 ms - 46[0m
[0mGET / [32m200[0m 27.662 ms - 14681[0m
[0mGET /users/sign-in [32m200[0m 6.529 ms - 3739[0m
[0mGET /users/auth/google [36m302[0m 5.668 ms - 0[0m
[0mGET /users/auth/google/callback?code=4%2F0AX4XfWhSOVrES49HCxXjWnzwdXWM9c17HMqKEMG5Z9tBFRMNrIHNX0Ds2-IuLQAkeI9gGg&scope=email+profile+https%3A%2F%2Fwww.googleapis.com%2Fauth%2Fuserinfo.profile+https%3A%2F%2Fwww.googleapis.com%2Fauth%2Fuserinfo.email+openid&authuser=2&prompt=consent [36m302[0m 3566.997 ms - 46[0m
[0mGET / [32m200[0m 27.785 ms - 23644[0m
[0mGET /users/profiel/60b10c710c87fc61a0acd9c8 [32m200[0m 7.580 ms - 3442[0m
[0mGET / [32m200[0m 30.579 ms - 23629[0m
[0mGET /users/profiel/60b10c710c87fc61a0acd9c8 [36m304[0m 8.511 ms - -[0m
[0mGET /users/profiel/60b10c710c87fc61a0acd9c8 [32m200[0m 8.427 ms - 3719[0m
[0mGET /users/profiel/60b10c710c87fc61a0acd9c8 [36m304[0m 8.913 ms - -[0m
[0mGET /users/profiel/60b10c710c87fc61a0acd9c8 [36m304[0m 6.169 ms - -[0m
[0mGET /users/profiel/60b10c710c87fc61a0acd9c8 [36m304[0m 6.795 ms - -[0m
[0mGET /users/profiel/60b10c710c87fc61a0acd9c8 [36m304[0m 8.334 ms - -[0m
[0mGET /users/profiel/60b10c710c87fc61a0acd9c8 [36m304[0m 7.772 ms - -[0m
[0mGET /users/profiel/60b10c710c87fc61a0acd9c8 [36m304[0m 6.427 ms - -[0m
[0mGET /users/profiel/60b10c710c87fc61a0acd9c8 [36m304[0m 7.933 ms - -[0m
[0mGET /users/profiel/60b10c710c87fc61a0acd9c8 [36m304[0m 9.567 ms - -[0m
[0mGET /users/profiel/60b10c710c87fc61a0acd9c8 [36m304[0m 5.618 ms - -[0m
[0mGET /users/profiel/60b10c710c87fc61a0acd9c8 [36m304[0m 6.782 ms - -[0m
[0mGET /users/profiel/60b10c710c87fc61a0acd9c8 [36m304[0m 12.837 ms - -[0m
[0mGET /users/profiel/60b10c710c87fc61a0acd9c8 [36m304[0m 8.201 ms - -[0m
[0mGET /users/profiel/60b10c710c87fc61a0acd9c8 [36m304[0m 10.030 ms - -[0m
[0mGET /users/profiel/60b10c710c87fc61a0acd9c8 [36m304[0m 7.158 ms - -[0m
[0mGET /users/profiel/60b10c710c87fc61a0acd9c8 [36m304[0m 7.778 ms - -[0m
[0mGET /users/profiel/60b10c710c87fc61a0acd9c8 [36m304[0m 10.877 ms - -[0m
[0mGET /users/profiel/60b10c710c87fc61a0acd9c8 [32m200[0m 6.328 ms - 3703[0m
[0mGET /users/profiel/60b10c710c87fc61a0acd9c8 [32m200[0m 10.459 ms - 3752[0m
[0mGET /users/profiel/60b10c710c87fc61a0acd9c8 [36m304[0m 6.619 ms - -[0m
[0mGET / [36m304[0m 32.600 ms - -[0m
[0mGET /users/profiel/60b10c710c87fc61a0acd9c8 [32m200[0m 7.257 ms - 3476[0m
[0mGET /users/profiel/60b10c710c87fc61a0acd9c8 [32m200[0m 12.001 ms - 3752[0m
[0mGET /users/profiel/60b10c710c87fc61a0acd9c8 [36m304[0m 8.964 ms - -[0m
[0mGET /users/profiel/60b10c710c87fc61a0acd9c8 [32m200[0m 8.161 ms - 3719[0m
[0mGET /users/profiel/60b10c710c87fc61a0acd9c8 [32m200[0m 8.590 ms - 3747[0m
[0mGET /users/profiel/60b10c710c87fc61a0acd9c8 [36m304[0m 9.806 ms - -[0m
[0mGET /users/profiel/60b10c710c87fc61a0acd9c8 [36m304[0m 9.086 ms - -[0m
[0mGET /users/profiel/60b10c710c87fc61a0acd9c8 [32m200[0m 8.902 ms - 3769[0m
[0mGET /users/profiel/60b10c710c87fc61a0acd9c8 [36m304[0m 8.060 ms - -[0m
[0mGET /users/profiel/60b10c710c87fc61a0acd9c8 [36m304[0m 8.373 ms - -[0m
[0mGET /users/profiel/60b10c710c87fc61a0acd9c8 [36m304[0m 6.706 ms - -[0m
[0mGET /users/profiel/60b10c710c87fc61a0acd9c8 [36m304[0m 7.635 ms - -[0m
[0mGET /users/profiel/60b10c710c87fc61a0acd9c8 [36m304[0m 10.645 ms - -[0m
[0mGET /users/profiel/60b10c710c87fc61a0acd9c8 [36m304[0m 8.680 ms - -[0m
[0mGET /users/profiel/60b10c710c87fc61a0acd9c8 [36m304[0m 6.984 ms - -[0m
[0mGET /users/profiel/60b10c710c87fc61a0acd9c8 [36m304[0m 10.553 ms - -[0m
[0mGET /users/profiel/60b10c710c87fc61a0acd9c8 [36m304[0m 7.447 ms - -[0m
[0mGET / [36m304[0m 26.764 ms - -[0m
[0mGET /posts/destroy/60c8ae1047457f11702ca376 [33m401[0m 6.024 ms - -[0m
